<?xml version="1.0" encoding="UTF-8"?>
<testsuite xmlns:xsi="http://www.w3.org/2001/XMLSchema-instance" xsi:noNamespaceSchemaLocation="https://maven.apache.org/surefire/maven-surefire-plugin/xsd/surefire-test-report-3.0.xsd" version="3.0" name="org.warehouse.WarehouseApplicationTests" time="6.942" tests="1" errors="0" skipped="0" failures="0">
  <properties>
[...]
</properties>
  <testcase name="contextLoads" classname="org.warehouse.WarehouseApplicationTests" time="0.777">
    <system-out><![CDATA[16:14:10.499 [main] INFO org.springframework.test.context.support.AnnotationConfigContextLoaderUtils -- Could not detect default configuration classes for test class [org.warehouse.WarehouseApplicationTests]: WarehouseApplicationTests does not declare any static, non-private, non-final, nested classes annotated with @Configuration.
16:14:10.585 [main] INFO org.springframework.boot.test.context.SpringBootTestContextBootstrapper -- Found @SpringBootConfiguration org.warehouse.WarehouseApplication for test class org.warehouse.WarehouseApplicationTests

  .   ____          _            __ _ _
 /\\ / ___'_ __ _ _(_)_ __  __ _ \ \ \ \
( ( )\___ | '_ | '_| | '_ \/ _` | \ \ \ \
 \\/  ___)| |_)| | | | | || (_| |  ) ) ) )
  '  |____| .__|_| |_|_| |_\__, | / / / /
 =========|_|==============|___/=/_/_/_/
 :: Spring Boot ::                (v3.1.5)

2024-01-03T16:14:10.902-05:00  INFO 27456 --- [           main] o.warehouse.WarehouseApplicationTests    : Starting WarehouseApplicationTests using Java 17.0.4.1 with PID 27456 (started by Matiki Sai Teja in C:\Users\Matiki Sai Teja\Desktop\Desktop\gitrepo\New folder\logistics-accessorial-backend\Warehouse)
2024-01-03T16:14:10.903-05:00  INFO 27456 --- [           main] o.warehouse.WarehouseApplicationTests    : No active profile set, falling back to 1 default profile: "default"
2024-01-03T16:14:11.510-05:00  INFO 27456 --- [           main] .s.d.r.c.RepositoryConfigurationDelegate : Bootstrapping Spring Data JPA repositories in DEFAULT mode.
2024-01-03T16:14:11.625-05:00  INFO 27456 --- [           main] .s.d.r.c.RepositoryConfigurationDelegate : Finished Spring Data repository scanning in 106 ms. Found 1 JPA repository interfaces.
2024-01-03T16:14:12.006-05:00  INFO 27456 --- [           main] com.zaxxer.hikari.HikariDataSource       : HikariPool-1 - Starting...
2024-01-03T16:14:12.691-05:00  INFO 27456 --- [           main] com.zaxxer.hikari.pool.HikariPool        : HikariPool-1 - Added connection org.postgresql.jdbc.PgConnection@30abf79c
2024-01-03T16:14:12.696-05:00  INFO 27456 --- [           main] com.zaxxer.hikari.HikariDataSource       : HikariPool-1 - Start completed.
2024-01-03T16:14:12.769-05:00  INFO 27456 --- [           main] o.hibernate.jpa.internal.util.LogHelper  : HHH000204: Processing PersistenceUnitInfo [name: default]
2024-01-03T16:14:12.841-05:00  INFO 27456 --- [           main] org.hibernate.Version                    : HHH000412: Hibernate ORM core version 6.2.13.Final
2024-01-03T16:14:12.847-05:00  INFO 27456 --- [           main] org.hibernate.cfg.Environment            : HHH000406: Using bytecode reflection optimizer
2024-01-03T16:14:13.218-05:00  INFO 27456 --- [           main] o.s.o.j.p.SpringPersistenceUnitInfo      : No LoadTimeWeaver setup: ignoring JPA class transformer
2024-01-03T16:14:14.430-05:00  INFO 27456 --- [           main] o.h.e.t.j.p.i.JtaPlatformInitiator       : HHH000489: No JTA platform available (set 'hibernate.transaction.jta.platform' to enable JTA platform integration)
2024-01-03T16:14:14.434-05:00  INFO 27456 --- [           main] j.LocalContainerEntityManagerFactoryBean : Initialized JPA EntityManagerFactory for persistence unit 'default'
2024-01-03T16:14:15.108-05:00  WARN 27456 --- [           main] JpaBaseConfiguration$JpaWebConfiguration : spring.jpa.open-in-view is enabled by default. Therefore, database queries may be performed during view rendering. Explicitly configure spring.jpa.open-in-view to disable this warning
2024-01-03T16:14:16.518-05:00  INFO 27456 --- [           main] o.warehouse.WarehouseApplicationTests    : Started WarehouseApplicationTests in 5.803 seconds (process running for 6.63)
]]></system-out>
  </testcase>
</testsuite>